<?xml version="1.0" encoding="UTF-8"?>
<testng-results ignored="0" total="4" passed="4" failed="0" skipped="0">
  <reporter-output>
  </reporter-output>
  <suite started-at="2021-05-06T12:53:52 EET" name="Default suite" finished-at="2021-05-06T12:54:36 EET" duration-ms="44244">
    <groups>
    </groups>
    <test started-at="2021-05-06T12:53:52 EET" name="Default test" finished-at="2021-05-06T12:54:36 EET" duration-ms="44244">
      <class name="tests.TestSignUp">
        <test-method is-config="true" signature="setup()[pri:0, instance:tests.TestSignUp@24fcf36f]" started-at="2021-05-06T12:53:52 EET" name="setup" finished-at="2021-05-06T12:54:00 EET" duration-ms="7743" status="PASS">
          <reporter-output>
          </reporter-output>
        </test-method> <!-- setup -->
        <test-method signature="testEnterSignUp()[pri:0, instance:tests.TestSignUp@24fcf36f]" started-at="2021-05-06T12:54:00 EET" name="testEnterSignUp" finished-at="2021-05-06T12:54:11 EET" duration-ms="10896" status="PASS">
          <reporter-output>
          </reporter-output>
        </test-method> <!-- testEnterSignUp -->
        <test-method signature="testSignUpAge()[pri:0, instance:tests.TestSignUp@24fcf36f]" started-at="2021-05-06T12:54:11 EET" name="testSignUpAge" finished-at="2021-05-06T12:54:23 EET" duration-ms="11941" status="PASS">
          <reporter-output>
          </reporter-output>
        </test-method> <!-- testSignUpAge -->
        <test-method signature="testSignUpEMail()[pri:0, instance:tests.TestSignUp@24fcf36f]" started-at="2021-05-06T12:54:23 EET" name="testSignUpEMail" finished-at="2021-05-06T12:54:30 EET" duration-ms="7395" status="PASS">
          <reporter-output>
          </reporter-output>
        </test-method> <!-- testSignUpEMail -->
        <test-method signature="testSignUpPassword()[pri:0, instance:tests.TestSignUp@24fcf36f]" started-at="2021-05-06T12:54:30 EET" name="testSignUpPassword" finished-at="2021-05-06T12:54:36 EET" duration-ms="6242" status="PASS">
          <reporter-output>
          </reporter-output>
        </test-method> <!-- testSignUpPassword -->
      </class> <!-- tests.TestSignUp -->
    </test> <!-- Default test -->
  </suite> <!-- Default suite -->
</testng-results>
