{
  "stats": {
    "suites": 6,
    "tests": 11,
    "passes": 7,
    "pending": 0,
    "failures": 4,
    "start": "2021-04-26T08:16:51.727Z",
    "end": "2021-04-26T08:18:01.001Z",
    "duration": 40670,
    "testsRegistered": 11,
    "passPercent": 63.63636363636363,
    "pendingPercent": 0,
    "other": 0,
    "hasOther": false,
    "skipped": 0,
    "hasSkipped": false
  },
  "results": [
    {
      "uuid": "099da3e9-5313-4aa3-82b3-e797b1cfb176",
      "title": "",
      "fullFile": "cypress/integration/QAm/TC02_URLCommands.spec.js",
      "file": "cypress/integration/QAm/TC02_URLCommands.spec.js",
      "beforeHooks": [],
      "afterHooks": [],
      "tests": [],
      "suites": [
        {
          "uuid": "70b7fc6c-d9ad-42d9-94cf-ca54cf49b87c",
          "title": "Create and un-mark as favourite",
          "fullFile": "",
          "file": "",
          "beforeHooks": [],
          "afterHooks": [],
          "tests": [
            {
              "title": "Sign in",
              "fullTitle": "Create and un-mark as favourite Sign in",
              "timedOut": null,
              "duration": 2858,
              "state": "passed",
              "speed": "slow",
              "pass": true,
              "fail": false,
              "pending": false,
              "context": null,
              "code": "cy.visit('http://react-redux.realworld.io/#/login?_k=zn64tn');\ncy.title().should('eq', 'Conduit');\ncy.location('protocol').should('eq', 'http:');\ncy.get('input[type=\"email\"]').type('kbt21556@cuoly.com');\ncy.get('input[type=\"password\"]').type('d91c0503');\ncy.get('.btn').contains('Sign in').should('be.visible').click();\ncy.contains('Your Feed', {\n  timeout: 10000\n}).should('be.visible');",
              "err": {},
              "uuid": "783c9269-0ecf-4423-8840-112a6747a09f",
              "parentUUID": "70b7fc6c-d9ad-42d9-94cf-ca54cf49b87c",
              "isHook": false,
              "skipped": false
            },
            {
              "title": "Create a post",
              "fullTitle": "Create and un-mark as favourite Create a post",
              "timedOut": null,
              "duration": 2068,
              "state": "passed",
              "speed": "slow",
              "pass": true,
              "fail": false,
              "pending": false,
              "context": null,
              "code": "cy.get('.nav-link').contains('New Post').should('be.visible').click();\ncy.hash().should('include', '#/editor');\ncy.get('input[placeholder=\"Article Title\"]').type('Test');\ncy.get('input[placeholder=\"What\\'s this article about?\"').type('Test 1');\ncy.get('textarea[placeholder=\"Write your article (in markdown)\"]').type('Test');\ncy.contains('Publish Article').click();\ncy.url().should('include', 'article'); //   cy.hash().should('include', '/#/article')",
              "err": {},
              "uuid": "64ee294c-b3ae-475e-940c-5e586a17c2c4",
              "parentUUID": "70b7fc6c-d9ad-42d9-94cf-ca54cf49b87c",
              "isHook": false,
              "skipped": false
            },
            {
              "title": "Mark un-mark as favorite",
              "fullTitle": "Create and un-mark as favourite Mark un-mark as favorite",
              "timedOut": null,
              "duration": 2090,
              "state": "failed",
              "speed": null,
              "pass": false,
              "fail": true,
              "pending": false,
              "context": null,
              "code": "cy.get('.nav-link').contains(\"KhaledQA\").click();\ncy.contains('My Articles', {\n  timeout: 10000\n}).should('be.visible');\ncy.get('.ion-heart').click();\ncy.contains('Favorited Articles').click();\ncy.url().should('include', 'favorites');\ncy.get('.ion-heart').click();\ncy.reload();\ncy.contains('No articles are here... yet.').should('be.visible');\ncy.go('back');",
              "err": {
                "message": "CypressError: `cy.click()` can only be called on a single element. Your subject contained 5 elements. Pass `{ multiple: true }` if you want to serially click each element.\n\nhttps://on.cypress.io/click",
                "estack": "CypressError: `cy.click()` can only be called on a single element. Your subject contained 5 elements. Pass `{ multiple: true }` if you want to serially click each element.\n\nhttps://on.cypress.io/click\n    at mouseAction (http://react-redux.realworld.io/__cypress/runner/cypress_runner.js:132348:17)\n    at Context.click (http://react-redux.realworld.io/__cypress/runner/cypress_runner.js:132527:14)\n    at Context.<anonymous> (http://react-redux.realworld.io/__cypress/runner/cypress_runner.js:150696:21)\nFrom Your Spec Code:\n    at Context.eval (http://react-redux.realworld.io/__cypress/tests?p=cypress\\integration\\QAm\\TC02_URLCommands.spec.js:125:26)",
                "diff": null
              },
              "uuid": "e1a6299f-e686-4428-88f9-8b0bfc4428ac",
              "parentUUID": "70b7fc6c-d9ad-42d9-94cf-ca54cf49b87c",
              "isHook": false,
              "skipped": false
            }
          ],
          "suites": [],
          "passes": [
            "783c9269-0ecf-4423-8840-112a6747a09f",
            "64ee294c-b3ae-475e-940c-5e586a17c2c4"
          ],
          "failures": [
            "e1a6299f-e686-4428-88f9-8b0bfc4428ac"
          ],
          "pending": [],
          "skipped": [],
          "duration": 7016,
          "root": false,
          "rootEmpty": false,
          "_timeout": 2000
        }
      ],
      "passes": [],
      "failures": [],
      "pending": [],
      "skipped": [],
      "duration": 0,
      "root": true,
      "rootEmpty": true,
      "_timeout": 2000
    },
    {
      "uuid": "62ece088-918d-4b0a-a20a-a9790ac0641b",
      "title": "",
      "fullFile": "cypress/integration/QAm/TC03_IdentifyElements.spec.js",
      "file": "cypress/integration/QAm/TC03_IdentifyElements.spec.js",
      "beforeHooks": [],
      "afterHooks": [],
      "tests": [],
      "suites": [
        {
          "uuid": "69d533d9-98d3-4237-9bf9-3cfe5a94e7a3",
          "title": "Create and un-mark as favourite",
          "fullFile": "",
          "file": "",
          "beforeHooks": [],
          "afterHooks": [],
          "tests": [
            {
              "title": "Create a post",
              "fullTitle": "Create and un-mark as favourite Create a post",
              "timedOut": null,
              "duration": 4395,
              "state": "passed",
              "speed": "slow",
              "pass": true,
              "fail": false,
              "pending": false,
              "context": null,
              "code": "//cy.get('.nav-link').contains('New Post').should('be.visible').click()\ncy.get('ul.navbar-nav').children().contains('New Post').click();\ncy.hash().should('include', '#/editor');\ncy.get('form').within($form => {\n  cy.get('input').first().type('Test');\n  cy.get('input').eq(1).type('Test 1');\n  cy.get('textarea').last().type('Test');\n  cy.contains('Publish Article').click();\n});\ncy.url().should('include', 'article'); //   cy.hash().should('include', '/#/article')",
              "err": {},
              "uuid": "a977c228-43d7-40c0-bf19-7f94c18a96af",
              "parentUUID": "69d533d9-98d3-4237-9bf9-3cfe5a94e7a3",
              "isHook": false,
              "skipped": false
            },
            {
              "title": "Mark un-mark as     avorite",
              "fullTitle": "Create and un-mark as favourite Mark un-mark as     avorite",
              "timedOut": null,
              "duration": 6620,
              "state": "failed",
              "speed": null,
              "pass": false,
              "fail": true,
              "pending": false,
              "context": null,
              "code": "//cy.get('.nav-link').contains(\"KhaledQA\").click()\n// cy.get('ul.navbar-nav').children().contains('KhaledQA').click()\n// /cy.contains('My Articles', { timeout: 10000 }).should('be.visible')\n// cy.get('.ion-heart').first().click()\n// cy.contains('Favorited Articles').click()\n// cy.url().should('include', 'favorites')\n//  cy.get('.ion-heart').first().click()\n// cy.reload()\n//  cy.contains('No articles are here... yet.', {timeout:10000}).should('be.visible')\n//cy.go('back')\ncy.get('ul.navbar-nav').children().contains('KhaledQA').click();\ncy.contains('My Articles').should('be.visible');\ncy.get('.ion-heart').first().click();\ncy.contains('Favorited Articles').click();\ncy.url().should('include', 'favorites');\ncy.get('.ion-heart').first().click();\ncy.reload();\ncy.contains('No articles are here... yet.').should('be.visible');\ncy.go('back');",
              "err": {
                "message": "AssertionError: Timed out retrying after 4000ms: Expected to find content: 'No articles are here... yet.' but never did.",
                "estack": "AssertionError: Timed out retrying after 4000ms: Expected to find content: 'No articles are here... yet.' but never did.\n    at Context.eval (http://react-redux.realworld.io/__cypress/tests?p=cypress\\integration\\QAm\\TC03_IdentifyElements.spec.js:134:49)",
                "diff": null
              },
              "uuid": "86da6068-6e0c-4464-a63f-22b65453085c",
              "parentUUID": "69d533d9-98d3-4237-9bf9-3cfe5a94e7a3",
              "isHook": false,
              "skipped": false
            }
          ],
          "suites": [],
          "passes": [
            "a977c228-43d7-40c0-bf19-7f94c18a96af"
          ],
          "failures": [
            "86da6068-6e0c-4464-a63f-22b65453085c"
          ],
          "pending": [],
          "skipped": [],
          "duration": 11015,
          "root": false,
          "rootEmpty": false,
          "_timeout": 2000
        }
      ],
      "passes": [],
      "failures": [],
      "pending": [],
      "skipped": [],
      "duration": 0,
      "root": true,
      "rootEmpty": true,
      "_timeout": 2000
    },
    {
      "uuid": "aed35e95-8409-409d-8d29-e4ff383e832f",
      "title": "",
      "fullFile": "cypress/integration/QAm/TC05_thenCommand.spec.js",
      "file": "cypress/integration/QAm/TC05_thenCommand.spec.js",
      "beforeHooks": [],
      "afterHooks": [],
      "tests": [],
      "suites": [
        {
          "uuid": "eac9f4ac-a45f-4735-94f4-5db1a98cb44d",
          "title": "Create and un-mark as favourite",
          "fullFile": "",
          "file": "",
          "beforeHooks": [],
          "afterHooks": [],
          "tests": [
            {
              "title": "Create a post",
              "fullTitle": "Create and un-mark as favourite Create a post",
              "timedOut": null,
              "duration": 4458,
              "state": "passed",
              "speed": "slow",
              "pass": true,
              "fail": false,
              "pending": false,
              "context": null,
              "code": "//cy.get('.nav-link').contains('New Post').should('be.visible').click()\ncy.get('ul.navbar-nav').children().contains('New Post').click();\ncy.hash().should('include', '#/editor');\ncy.get('form').within($form => {\n  cy.get('input').first().type('Test');\n  cy.get('input').eq(1).type('Test 1');\n  cy.get('textarea').last().type('Test');\n  cy.contains('Publish Article').click();\n});\ncy.url().should('include', 'article'); //   cy.hash().should('include', '/#/article')",
              "err": {},
              "uuid": "f867da63-19a0-4c09-bd85-34d6fee53537",
              "parentUUID": "eac9f4ac-a45f-4735-94f4-5db1a98cb44d",
              "isHook": false,
              "skipped": false
            },
            {
              "title": "Mark-unmark as favorite",
              "fullTitle": "Create and un-mark as favourite Mark-unmark as favorite",
              "timedOut": null,
              "duration": 6738,
              "state": "failed",
              "speed": null,
              "pass": false,
              "fail": true,
              "pending": false,
              "context": null,
              "code": "cy.get('ul.navbar-nav').children().contains('KhaledQA').click();\ncy.contains('My Articles').should('be.visible');\ncy.get('.ion-heart').first().click();\ncy.contains('Favorited Articles').click();\ncy.url().should('include', 'favorites');\ncy.get('.btn-primary').first().then($fav => {\n  const favCount = $fav.text();\n  expect(parseInt(favCount)).to.eq(1);\n}).click();\ncy.reload();\ncy.contains('No articles are here... yet.').should('be.visible');\ncy.go('back');",
              "err": {
                "message": "AssertionError: Timed out retrying after 4000ms: Expected to find content: 'No articles are here... yet.' but never did.",
                "estack": "AssertionError: Timed out retrying after 4000ms: Expected to find content: 'No articles are here... yet.' but never did.\n    at Context.eval (http://react-redux.realworld.io/__cypress/tests?p=cypress\\integration\\QAm\\TC05_thenCommand.spec.js:127:49)",
                "diff": null
              },
              "uuid": "53d32daf-fcf6-469b-b561-9e7ca2cd08ad",
              "parentUUID": "eac9f4ac-a45f-4735-94f4-5db1a98cb44d",
              "isHook": false,
              "skipped": false
            }
          ],
          "suites": [],
          "passes": [
            "f867da63-19a0-4c09-bd85-34d6fee53537"
          ],
          "failures": [
            "53d32daf-fcf6-469b-b561-9e7ca2cd08ad"
          ],
          "pending": [],
          "skipped": [],
          "duration": 11196,
          "root": false,
          "rootEmpty": false,
          "_timeout": 2000
        }
      ],
      "passes": [],
      "failures": [],
      "pending": [],
      "skipped": [],
      "duration": 0,
      "root": true,
      "rootEmpty": true,
      "_timeout": 2000
    },
    {
      "uuid": "5fddd035-57a6-4059-b67d-ff5507ac47a0",
      "title": "",
      "fullFile": "cypress/integration/QAm/TC06_aliases.spec.js",
      "file": "cypress/integration/QAm/TC06_aliases.spec.js",
      "beforeHooks": [],
      "afterHooks": [],
      "tests": [],
      "suites": [
        {
          "uuid": "863562bb-c408-4e57-92a7-0310e63e5321",
          "title": "Create and un-mark as favourite",
          "fullFile": "",
          "file": "",
          "beforeHooks": [],
          "afterHooks": [],
          "tests": [
            {
              "title": "Create a post",
              "fullTitle": "Create and un-mark as favourite Create a post",
              "timedOut": null,
              "duration": 3780,
              "state": "passed",
              "speed": "slow",
              "pass": true,
              "fail": false,
              "pending": false,
              "context": null,
              "code": "//cy.get('.nav-link').contains('New Post').should('be.visible').click()\ncy.get('ul.navbar-nav').children().as('menu');\ncy.get('@menu').contains('New Post').click();\ncy.hash().should('include', '#/editor');\ncy.get('form').within($form => {\n  cy.get('input').first().type('Test');\n  cy.get('input').eq(1).type('Test 1');\n  cy.get('textarea').last().type('Test');\n  cy.contains('Publish Article').click();\n});\ncy.url().should('include', 'article'); //   cy.hash().should('include', '/#/article')",
              "err": {},
              "uuid": "e863a42f-872a-4660-b6a8-a6b9ad86b879",
              "parentUUID": "863562bb-c408-4e57-92a7-0310e63e5321",
              "isHook": false,
              "skipped": false
            },
            {
              "title": "Mark-unmark as favorite",
              "fullTitle": "Create and un-mark as favourite Mark-unmark as favorite",
              "timedOut": null,
              "duration": 1704,
              "state": "failed",
              "speed": null,
              "pass": false,
              "fail": true,
              "pending": false,
              "context": null,
              "code": "cy.get('ul.navbar-nav').children().contains('KhaledQA').click();\ncy.contains('My Articles').should('be.visible');\ncy.get('.ion-heart').first().click();\ncy.contains('Favorited Articles').click();\ncy.url().should('include', 'favorites');\ncy.get('.btn-primary').first().then($fav => {\n  return $fav.text();\n}).as('favCount');\ncy.get('@favCount').then($cnt => {\n  expect(parseInt($cnt)).to.eq(1);\n});\ncy.reload();\ncy.contains('No articles are here... yet.').should('be.visible');\ncy.go('back');",
              "err": {
                "message": "TypeError: The following error originated from your application code, not from Cypress. It was caused by an unhandled promise rejection.\n\n  > Cannot read property 'forEach' of undefined\n\nWhen Cypress detects uncaught errors originating from your application it will automatically fail the current test.\n\nThis behavior is configurable, and you can choose to turn this off by listening to the `uncaught:exception` event.\n\nhttps://on.cypress.io/uncaught-exception-from-application",
                "estack": "TypeError: The following error originated from your application code, not from Cypress. It was caused by an unhandled promise rejection.\n\n  > Cannot read property 'forEach' of undefined\n\nWhen Cypress detects uncaught errors originating from your application it will automatically fail the current test.\n\nThis behavior is configurable, and you can choose to turn this off by listening to the `uncaught:exception` event.\n\nhttps://on.cypress.io/uncaught-exception-from-application\n    at module.exports (http://react-redux.realworld.io/main.js:28386:23)\n    at module.exports (http://react-redux.realworld.io/main.js:28304:12)\n    at dispatch (http://react-redux.realworld.io/main.js:27689:23)\n    at http://react-redux.realworld.io/main.js:28271:8\n    at http://react-redux.realworld.io/main.js:28253:8\n    at Object.dispatch (http://react-redux.realworld.io/main.js:28175:19)\n    at store.dispatch.type (http://react-redux.realworld.io/main.js:28240:18)",
                "diff": null
              },
              "uuid": "2bc1c892-b753-4877-9d56-9c1820640815",
              "parentUUID": "863562bb-c408-4e57-92a7-0310e63e5321",
              "isHook": false,
              "skipped": false
            }
          ],
          "suites": [],
          "passes": [
            "e863a42f-872a-4660-b6a8-a6b9ad86b879"
          ],
          "failures": [
            "2bc1c892-b753-4877-9d56-9c1820640815"
          ],
          "pending": [],
          "skipped": [],
          "duration": 5484,
          "root": false,
          "rootEmpty": false,
          "_timeout": 2000
        }
      ],
      "passes": [],
      "failures": [],
      "pending": [],
      "skipped": [],
      "duration": 0,
      "root": true,
      "rootEmpty": true,
      "_timeout": 2000
    },
    {
      "uuid": "caa371ae-56bf-45de-80ba-33b1a45ad767",
      "title": "",
      "fullFile": "cypress/integration/QAm/TC07_upload.spec.js",
      "file": "cypress/integration/QAm/TC07_upload.spec.js",
      "beforeHooks": [],
      "afterHooks": [],
      "tests": [],
      "suites": [
        {
          "uuid": "daccb7db-d018-4f3a-8cc4-689f2a21294c",
          "title": "Uplaoding file",
          "fullFile": "",
          "file": "",
          "beforeHooks": [],
          "afterHooks": [],
          "tests": [
            {
              "title": "File Upload",
              "fullTitle": "Uplaoding file File Upload",
              "timedOut": null,
              "duration": 701,
              "state": "passed",
              "speed": "slow",
              "pass": true,
              "fail": false,
              "pending": false,
              "context": null,
              "code": "cy.visit('https://cgi-lib.berkeley.edu/ex/fup.html');\nconst fileName = 'saba7o.txt';\ncy.get('[type=\"file\"]').attachFile(fileName);\ncy.get('[type=\"submit\"]').click();\ncy.contains(\"You've uploaded a file. Your notes on the file were:\");",
              "err": {},
              "uuid": "f553782d-1632-44c4-aa18-5cb9da3a0c40",
              "parentUUID": "daccb7db-d018-4f3a-8cc4-689f2a21294c",
              "isHook": false,
              "skipped": false
            }
          ],
          "suites": [],
          "passes": [
            "f553782d-1632-44c4-aa18-5cb9da3a0c40"
          ],
          "failures": [],
          "pending": [],
          "skipped": [],
          "duration": 701,
          "root": false,
          "rootEmpty": false,
          "_timeout": 2000
        }
      ],
      "passes": [],
      "failures": [],
      "pending": [],
      "skipped": [],
      "duration": 0,
      "root": true,
      "rootEmpty": true,
      "_timeout": 2000
    },
    {
      "uuid": "3484ad6c-c6c6-433c-b3a3-bc2976db630a",
      "title": "",
      "fullFile": "cypress/integration/QAm/TC01_basics.spec.js",
      "file": "cypress/integration/QAm/TC01_basics.spec.js",
      "beforeHooks": [],
      "afterHooks": [],
      "tests": [],
      "suites": [
        {
          "uuid": "9c145304-d28f-4039-a9c0-b418eac106d5",
          "title": "Login",
          "fullFile": "",
          "file": "",
          "beforeHooks": [],
          "afterHooks": [],
          "tests": [
            {
              "title": "Sign in",
              "fullTitle": "Login Sign in",
              "timedOut": null,
              "duration": 5258,
              "state": "passed",
              "speed": "slow",
              "pass": true,
              "fail": false,
              "pending": false,
              "context": null,
              "code": "cy.visit('http://react-redux.realworld.io/#/login?_k=zn64tn');\ncy.get('input[type=\"email\"]').type('kbt21556@cuoly.com');\ncy.get('input[type=\"password\"]').type('d91c0503');\ncy.get('.btn').contains('Sign in').should('be.visible').click();",
              "err": {},
              "uuid": "5b61b78a-d4fb-463a-bb19-8546c9184c05",
              "parentUUID": "9c145304-d28f-4039-a9c0-b418eac106d5",
              "isHook": false,
              "skipped": false
            }
          ],
          "suites": [],
          "passes": [
            "5b61b78a-d4fb-463a-bb19-8546c9184c05"
          ],
          "failures": [],
          "pending": [],
          "skipped": [],
          "duration": 5258,
          "root": false,
          "rootEmpty": false,
          "_timeout": 2000
        }
      ],
      "passes": [],
      "failures": [],
      "pending": [],
      "skipped": [],
      "duration": 0,
      "root": true,
      "rootEmpty": true,
      "_timeout": 2000
    }
  ],
  "meta": {
    "mocha": {
      "version": "7.0.1"
    },
    "mochawesome": {
      "options": {
        "quiet": false,
        "reportFilename": "mochawesome",
        "saveHtml": false,
        "saveJson": true,
        "consoleReporter": "spec",
        "useInlineDiffs": false,
        "code": true
      },
      "version": "6.2.2"
    },
    "marge": {
      "options": {
        "id": "default",
        "reportDir": "cypress/reports/mocha",
        "overwrite": false,
        "html": false,
        "json": true
      },
      "version": "5.2.0"
    }
  }
}