<?xml version="1.0" encoding="UTF-8"?>
<!-- Generated by org.testng.reporters.JUnitXMLReporter -->
<testsuite ignored="0" hostname="LAPTOP-I8OH95EQ" failures="0" tests="4" name="Default test" time="44.244" errors="0" timestamp="2021-05-06T12:54:36 EET">
  <testcase classname="tests.TestSignUp" name="testEnterSignUp" time="10.896"/>
  <testcase classname="tests.TestSignUp" name="testSignUpAge" time="11.941"/>
  <testcase classname="tests.TestSignUp" name="testSignUpEMail" time="7.395"/>
  <testcase classname="tests.TestSignUp" name="testSignUpPassword" time="6.242"/>
</testsuite> <!-- Default test -->
